2024-04-13 13:03:49 Version 373
2024-04-13 13:03:49 CmdLine: C:\ProgramData\cocos\editors\Creator\3.8.0\resources\tools\lightmap-tools/LightFX http://127.0.0.1:8000 
2024-04-13 13:03:49 -: Building meshes 0
2024-04-13 13:03:49 -: Building terrain 0
2024-04-13 13:03:49 -: Building embree scene
2024-04-13 13:03:49 -: Mesh tasks 0
2024-04-13 13:03:49 -: Terrain tasks 0
2024-04-13 13:03:49 -: Starting thread 0
2024-04-13 13:03:49 -: Starting thread 1
2024-04-13 13:03:49 -: Starting thread 2
2024-04-13 13:03:49 -: Starting thread 3
2024-04-13 13:03:49 -: Starting thread 4
2024-04-13 13:03:49 -: Starting thread 5
2024-04-13 13:03:49 -: Starting thread 6
2024-04-13 13:03:49 -: Starting thread 7
2024-04-13 13:03:49 -: Starting thread 8
2024-04-13 13:03:49 -: Starting thread 9
2024-04-13 13:03:49 -: Starting thread 10
2024-04-13 13:03:49 -: Starting thread 11
2024-04-13 13:03:49 -: Starting thread 12
2024-04-13 13:03:49 -: Starting thread 13
2024-04-13 13:03:50 Start 0

2024-04-13 13:03:50 Build lighting 100

2024-04-13 13:03:50 Delete renderer
2024-04-13 13:03:50 Save world...
2024-04-13 13:03:50 Writing lfx file 'output/lfx.out'
2024-04-13 13:03:50 Writing lfx file end.
2024-04-13 13:03:50 Save world end.
2024-04-13 13:03:50 Clear world...
2024-04-13 13:03:50 Clear world end.
2024-04-13 13:03:50 Emit finished
2024-04-13 13:03:50 Delete world
2024-04-13 13:03:50 Wait to stop
